<?xml version="1.0" encoding="UTF-8"?>
<!-- Generated by org.testng.reporters.JUnitReportReporter -->
<testsuite name="com.wipro.opencarttest.AddingPhones" tests="1" time="131.531" ignored="6" failures="0" timestamp="15 Feb 2018 06:03:22 GMT" skipped="0" hostname="D-441008571" errors="0">
  <testcase name="Addphones" time="131.531" classname="com.wipro.opencarttest.AddingPhones"/>
  <testcase name="endReport" classname="com.wipro.opencarttest.method">
    <skipped/>
  </testcase> <!-- endReport -->
  <testcase name="endReport" classname="com.wipro.opencarttest.method">
    <skipped/>
  </testcase> <!-- endReport -->
  <testcase name="endReport" classname="com.wipro.opencarttest.method">
    <skipped/>
  </testcase> <!-- endReport -->
  <testcase name="startReport" classname="com.wipro.opencarttest.method">
    <skipped/>
  </testcase> <!-- startReport -->
  <testcase name="startReport" classname="com.wipro.opencarttest.method">
    <skipped/>
  </testcase> <!-- startReport -->
  <testcase name="startReport" classname="com.wipro.opencarttest.method">
    <skipped/>
  </testcase> <!-- startReport -->
</testsuite> <!-- com.wipro.opencarttest.AddingPhones -->
