<?xml version="1.0" encoding="UTF-8"?>
<!-- Generated by org.testng.reporters.JUnitReportReporter -->
<testsuite name="com.wipro.opencarttest.OrderHistory" tests="1" time="114.138" ignored="6" failures="0" timestamp="15 Feb 2018 06:03:22 GMT" skipped="0" hostname="D-441008571" errors="0">
  <testcase name="Orderhistory" time="114.138" classname="com.wipro.opencarttest.OrderHistory"/>
  <testcase name="endReport" classname="com.wipro.opencarttest.method">
    <skipped/>
  </testcase> <!-- endReport -->
  <testcase name="endReport" classname="com.wipro.opencarttest.method">
    <skipped/>
  </testcase> <!-- endReport -->
  <testcase name="endReport" classname="com.wipro.opencarttest.method">
    <skipped/>
  </testcase> <!-- endReport -->
  <testcase name="startReport" classname="com.wipro.opencarttest.method">
    <skipped/>
  </testcase> <!-- startReport -->
  <testcase name="startReport" classname="com.wipro.opencarttest.method">
    <skipped/>
  </testcase> <!-- startReport -->
  <testcase name="startReport" classname="com.wipro.opencarttest.method">
    <skipped/>
  </testcase> <!-- startReport -->
</testsuite> <!-- com.wipro.opencarttest.OrderHistory -->
